C:\USERS\александра\DOCUMENTS\VISUAL STUDIO 2012\PROJECTS\COMPUTITATION METHODS\TASK_3\TASK_3\DEBUG\CODE.OBJ
C:\USERS\АЛЕКСАНДРА\DOCUMENTS\VISUAL STUDIO 2012\PROJECTS\COMPUTITATION METHODS\TASK_3\TASK_3\DEBUG\VC110.PDB
C:\USERS\александра\DOCUMENTS\VISUAL STUDIO 2012\PROJECTS\COMPUTITATION METHODS\TASK_3\DEBUG\TASK_3.ILK
C:\USERS\александра\DOCUMENTS\VISUAL STUDIO 2012\PROJECTS\COMPUTITATION METHODS\TASK_3\DEBUG\TASK_3.EXE
C:\USERS\АЛЕКСАНДРА\DOCUMENTS\VISUAL STUDIO 2012\PROJECTS\COMPUTITATION METHODS\TASK_3\DEBUG\TASK_3.PDB
c:\Users\александра\documents\visual studio 2012\Projects\Computitation Methods\Task_3\Task_3\Debug\Code.obj
c:\Users\александра\documents\visual studio 2012\Projects\Computitation Methods\Task_3\Task_3\Debug\cl.command.1.tlog
c:\Users\александра\documents\visual studio 2012\Projects\Computitation Methods\Task_3\Task_3\Debug\CL.read.1.tlog
c:\Users\александра\documents\visual studio 2012\Projects\Computitation Methods\Task_3\Task_3\Debug\CL.write.1.tlog
c:\Users\александра\documents\visual studio 2012\Projects\Computitation Methods\Task_3\Task_3\Debug\link-cvtres.read.1.tlog
c:\Users\александра\documents\visual studio 2012\Projects\Computitation Methods\Task_3\Task_3\Debug\link-cvtres.write.1.tlog
c:\Users\александра\documents\visual studio 2012\Projects\Computitation Methods\Task_3\Task_3\Debug\link-rc.read.1.tlog
c:\Users\александра\documents\visual studio 2012\Projects\Computitation Methods\Task_3\Task_3\Debug\link-rc.write.1.tlog
c:\Users\александра\documents\visual studio 2012\Projects\Computitation Methods\Task_3\Task_3\Debug\link.command.1.tlog
c:\Users\александра\documents\visual studio 2012\Projects\Computitation Methods\Task_3\Task_3\Debug\link.read.1.tlog
c:\Users\александра\documents\visual studio 2012\Projects\Computitation Methods\Task_3\Task_3\Debug\link.write.1.tlog
c:\Users\александра\documents\visual studio 2012\Projects\Computitation Methods\Task_3\Task_3\Debug\vc110.idb
c:\Users\александра\documents\visual studio 2012\Projects\Computitation Methods\Task_3\Task_3\Debug\vc110.pdb
c:\users\александра\documents\visual studio 2012\Projects\Computitation Methods\Task_3\Debug\Task_3.pdb
c:\users\александра\documents\visual studio 2012\Projects\Computitation Methods\Task_3\Debug\Task_3.exe
c:\users\александра\documents\visual studio 2012\Projects\Computitation Methods\Task_3\Debug\Task_3.ilk
