C:\Users\Александра\Documents\Visual Studio 2012\Projects\Processor Architecture\2.6_Lab1\2.6_Lab1\x64\Debug\LabAssignment.obj
C:\USERS\Александра\DOCUMENTS\VISUAL STUDIO 2012\PROJECTS\PROCESSOR ARCHITECTURE\2.6_LAB1\2.6_LAB1\X64\DEBUG\2.6_LAB1.PCH
C:\USERS\Александра\DOCUMENTS\VISUAL STUDIO 2012\PROJECTS\PROCESSOR ARCHITECTURE\2.6_LAB1\2.6_LAB1\X64\DEBUG\STDAFX.OBJ
C:\USERS\АЛЕКСАНДРА\DOCUMENTS\VISUAL STUDIO 2012\PROJECTS\PROCESSOR ARCHITECTURE\2.6_LAB1\2.6_LAB1\X64\DEBUG\VC110.PDB
C:\USERS\Александра\DOCUMENTS\VISUAL STUDIO 2012\PROJECTS\PROCESSOR ARCHITECTURE\2.6_LAB1\2.6_LAB1\X64\DEBUG\EASYIMAGE.OBJ
C:\USERS\Александра\DOCUMENTS\VISUAL STUDIO 2012\PROJECTS\PROCESSOR ARCHITECTURE\2.6_LAB1\2.6_LAB1\X64\DEBUG\IMAGEPROCESSING.OBJ
C:\USERS\Александра\DOCUMENTS\VISUAL STUDIO 2012\PROJECTS\PROCESSOR ARCHITECTURE\2.6_LAB1\2.6_LAB1\X64\DEBUG\IMAGEPROCESSING.RES
C:\Users\Александра\Documents\Visual Studio 2012\Projects\Processor Architecture\2.6_Lab1\2.6_Lab1\x64\Debug\EasyImage.obj
C:\Users\Александра\Documents\Visual Studio 2012\Projects\Processor Architecture\2.6_Lab1\2.6_Lab1\x64\Debug\ImageProcessing.obj
C:\Users\Александра\Documents\Visual Studio 2012\Projects\Processor Architecture\2.6_Lab1\2.6_Lab1\x64\Debug\stdafx.obj
C:\Users\Александра\Documents\Visual Studio 2012\Projects\Processor Architecture\2.6_Lab1\2.6_Lab1\x64\Debug\2.6_Lab1.write.1.tlog
C:\Users\Александра\Documents\Visual Studio 2012\Projects\Processor Architecture\2.6_Lab1\2.6_Lab1\x64\Debug\cl.command.1.tlog
C:\Users\Александра\Documents\Visual Studio 2012\Projects\Processor Architecture\2.6_Lab1\2.6_Lab1\x64\Debug\CL.read.1.tlog
C:\Users\Александра\Documents\Visual Studio 2012\Projects\Processor Architecture\2.6_Lab1\2.6_Lab1\x64\Debug\CL.write.1.tlog
C:\Users\Александра\Documents\Visual Studio 2012\Projects\Processor Architecture\2.6_Lab1\2.6_Lab1\x64\Debug\link-cvtres.read.1.tlog
C:\Users\Александра\Documents\Visual Studio 2012\Projects\Processor Architecture\2.6_Lab1\2.6_Lab1\x64\Debug\link-cvtres.write.1.tlog
C:\Users\Александра\Documents\Visual Studio 2012\Projects\Processor Architecture\2.6_Lab1\2.6_Lab1\x64\Debug\link-rc.read.1.tlog
C:\Users\Александра\Documents\Visual Studio 2012\Projects\Processor Architecture\2.6_Lab1\2.6_Lab1\x64\Debug\link-rc.write.1.tlog
C:\Users\Александра\Documents\Visual Studio 2012\Projects\Processor Architecture\2.6_Lab1\2.6_Lab1\x64\Debug\link.command.1.tlog
C:\Users\Александра\Documents\Visual Studio 2012\Projects\Processor Architecture\2.6_Lab1\2.6_Lab1\x64\Debug\link.read.1.tlog
C:\Users\Александра\Documents\Visual Studio 2012\Projects\Processor Architecture\2.6_Lab1\2.6_Lab1\x64\Debug\link.write.1.tlog
C:\Users\Александра\Documents\Visual Studio 2012\Projects\Processor Architecture\2.6_Lab1\2.6_Lab1\x64\Debug\rc.command.1.tlog
C:\Users\Александра\Documents\Visual Studio 2012\Projects\Processor Architecture\2.6_Lab1\2.6_Lab1\x64\Debug\rc.read.1.tlog
C:\Users\Александра\Documents\Visual Studio 2012\Projects\Processor Architecture\2.6_Lab1\2.6_Lab1\x64\Debug\rc.write.1.tlog
C:\Users\Александра\Documents\Visual Studio 2012\Projects\Processor Architecture\2.6_Lab1\2.6_Lab1\x64\Debug\ImageProcessing.res
C:\Users\Александра\Documents\Visual Studio 2012\Projects\Processor Architecture\2.6_Lab1\2.6_Lab1\x64\Debug\2.6_Lab1.pch
C:\Users\Александра\Documents\Visual Studio 2012\Projects\Processor Architecture\2.6_Lab1\2.6_Lab1\x64\Debug\vc110.idb
C:\Users\Александра\Documents\Visual Studio 2012\Projects\Processor Architecture\2.6_Lab1\2.6_Lab1\x64\Debug\vc110.pdb
C:\Users\Александра\Documents\Visual Studio 2012\Projects\Processor Architecture\2.6_Lab1\x64\Debug\2.6_Lab1.pdb
C:\Users\Александра\Documents\Visual Studio 2012\Projects\Processor Architecture\2.6_Lab1\x64\Debug\2.6_Lab1.exe
C:\Users\Александра\Documents\Visual Studio 2012\Projects\Processor Architecture\2.6_Lab1\x64\Debug\2.6_Lab1.ilk
